<?xml version="1.0" encoding="UTF-8"?>
<!-- Generated by org.testng.reporters.JUnitXMLReporter -->
<testsuite hostname="RJ-DV-010" name="Default test" tests="5" failures="0" timestamp="11 Jan 2013 16:47:20 GMT" time="8.555" errors="0">
  <testcase name="testYoukPasswordOk" time="8.509" classname="br.com.codigo.b.YouOk"/>
  <testcase name="level3" time="0.0060" classname="br.com.codigo.b.YouOk"/>
  <testcase name="level2" time="0.0010" classname="br.com.codigo.b.YouOk"/>
  <testcase name="testTitleOk" time="0.027" classname="br.com.codigo.b.YouOk"/>
  <testcase name="level0" time="0.0010" classname="br.com.codigo.b.YouOk"/>
</testsuite> <!-- Default test -->
