<?xml version="1.0" encoding="UTF-8"?>
<!-- Generated by org.testng.reporters.JUnitXMLReporter -->
<testsuite hostname="RJ-DV-063" name="Default test" tests="4" failures="0" timestamp="11 Jan 2013 17:56:02 GMT" time="3.162" errors="0">
  <testcase name="testYoukPasswordLock" time="2.493" classname="br.com.codigo.b.YouK"/>
  <testcase name="testTitleError" time="0.651" classname="br.com.codigo.b.YouK"/>
  <testcase name="level2" time="0.0" classname="br.com.codigo.b.YouK"/>
  <testcase name="level3" time="0.0010" classname="br.com.codigo.b.YouK"/>
</testsuite> <!-- Default test -->
