<?xml version="1.0" encoding="UTF-8"?>
<testsuite hostname="RJ-DV-010" name="br.com.codigo.b.YouK" tests="2" failures="1" timestamp="11 Jan 2013 11:32:16 GMT" time="0.0010" errors="0">
  <testcase name="testYoukPasswordLock" time="0.0" classname="br.com.codigo.b.YouK">
    <failure type="java.lang.NullPointerException">
      <![CDATA[java.lang.NullPointerException
	at br.com.codigo.b.YouK.testYoukPasswordLock(Unknown Source)
	at sun.reflect.NativeMethodAccessorImpl.invoke0(Native Method)
	at sun.reflect.NativeMethodAccessorImpl.invoke(Unknown Source)
	at sun.reflect.DelegatingMethodAccessorImpl.invoke(Unknown Source)
	at java.lang.reflect.Method.invoke(Unknown Source)
	at org.testng.internal.MethodInvocationHelper.invokeMethod(MethodInvocationHelper.java:74)
	at org.testng.internal.Invoker.invokeMethod(Invoker.java:673)
	at org.testng.internal.Invoker.invokeTestMethod(Invoker.java:846)
	at org.testng.internal.Invoker.invokeTestMethods(Invoker.java:1170)
	at org.testng.internal.TestMethodWorker.invokeTestMethods(TestMethodWorker.java:125)
	at org.testng.internal.TestMethodWorker.run(TestMethodWorker.java:109)
	at org.testng.TestRunner.runWorkers(TestRunner.java:1125)
	at org.testng.TestRunner.privateRun(TestRunner.java:749)
	at org.testng.TestRunner.run(TestRunner.java:600)
	at org.testng.SuiteRunner.runTest(SuiteRunner.java:317)
	at org.testng.SuiteRunner.runSequentially(SuiteRunner.java:312)
	at org.testng.SuiteRunner.privateRun(SuiteRunner.java:274)
	at org.testng.SuiteRunner.run(SuiteRunner.java:223)
	at org.testng.SuiteRunnerWorker.runSuite(SuiteRunnerWorker.java:52)
	at org.testng.SuiteRunnerWorker.run(SuiteRunnerWorker.java:86)
	at org.testng.TestNG.runSuitesSequentially(TestNG.java:995)
	at org.testng.TestNG.runSuitesLocally(TestNG.java:920)
	at org.testng.TestNG.run(TestNG.java:856)
	at org.testng.TestNG.privateMain(TestNG.java:1137)
	at org.testng.TestNG.main(TestNG.java:1101)
]]>
    </failure>
  </testcase>
  <testcase name="testTitleError" time="0.0010" classname="br.com.codigo.b.YouK">
    <skipped/>
  </testcase>
</testsuite>
