<?xml version="1.0" encoding="UTF-8"?>
<testng-results skipped="0" failed="0" total="4" passed="4">
  <reporter-output>
  </reporter-output>
  <suite name="Default suite" duration-ms="3162" started-at="2013-01-11T17:55:59Z" finished-at="2013-01-11T17:56:02Z">
    <groups>
      <group name="LoginError">
        <method signature="YouK.testYoukPasswordLock()[pri:0, instance:br.com.codigo.b.YouK@68da4b71]" name="testYoukPasswordLock" class="br.com.codigo.b.YouK"/>
        <method signature="YouK.testTitleError()[pri:0, instance:br.com.codigo.b.YouK@68da4b71]" name="testTitleError" class="br.com.codigo.b.YouK"/>
        <method signature="YouK.level2()[pri:0, instance:br.com.codigo.b.YouK@68da4b71]" name="level2" class="br.com.codigo.b.YouK"/>
        <method signature="YouK.level3()[pri:0, instance:br.com.codigo.b.YouK@68da4b71]" name="level3" class="br.com.codigo.b.YouK"/>
      </group> <!-- LoginError -->
    </groups>
    <test name="Default test" duration-ms="3162" started-at="2013-01-11T17:55:59Z" finished-at="2013-01-11T17:56:02Z">
      <class name="br.com.codigo.b.YouK">
        <test-method status="PASS" signature="setUp()[pri:0, instance:br.com.codigo.b.YouK@68da4b71]" name="setUp" is-config="true" duration-ms="7994" started-at="2013-01-11T15:55:51Z" finished-at="2013-01-11T15:55:59Z">
          <reporter-output>
          </reporter-output>
        </test-method> <!-- setUp -->
        <test-method status="PASS" signature="testYoukPasswordLock()[pri:0, instance:br.com.codigo.b.YouK@68da4b71]" name="testYoukPasswordLock" duration-ms="2493" started-at="2013-01-11T15:55:59Z" finished-at="2013-01-11T15:56:01Z">
          <reporter-output>
          </reporter-output>
        </test-method> <!-- testYoukPasswordLock -->
        <test-method status="PASS" signature="testTitleError()[pri:0, instance:br.com.codigo.b.YouK@68da4b71]" name="testTitleError" duration-ms="651" started-at="2013-01-11T15:56:01Z" depends-on-methods="br.com.codigo.b.YouK.testYoukPasswordLock" finished-at="2013-01-11T15:56:02Z">
          <reporter-output>
          </reporter-output>
        </test-method> <!-- testTitleError -->
        <test-method status="PASS" signature="level2()[pri:0, instance:br.com.codigo.b.YouK@68da4b71]" name="level2" duration-ms="0" started-at="2013-01-11T15:56:02Z" depends-on-methods="br.com.codigo.b.YouK.testTitleError" finished-at="2013-01-11T15:56:02Z">
          <reporter-output>
          </reporter-output>
        </test-method> <!-- level2 -->
        <test-method status="PASS" signature="level3()[pri:0, instance:br.com.codigo.b.YouK@68da4b71]" name="level3" duration-ms="1" started-at="2013-01-11T15:56:02Z" depends-on-methods="br.com.codigo.b.YouK.level2" finished-at="2013-01-11T15:56:02Z">
          <reporter-output>
          </reporter-output>
        </test-method> <!-- level3 -->
        <test-method status="PASS" signature="tearDown()[pri:0, instance:br.com.codigo.b.YouK@68da4b71]" name="tearDown" is-config="true" duration-ms="224" started-at="2013-01-11T15:56:02Z" finished-at="2013-01-11T15:56:02Z">
          <reporter-output>
          </reporter-output>
        </test-method> <!-- tearDown -->
      </class> <!-- br.com.codigo.b.YouK -->
    </test> <!-- Default test -->
  </suite> <!-- Default suite -->
</testng-results>
